2014-09-12 15:21:52.000000 (1410531712.4187) DEBUG: 100000084
2014-09-12 15:21:52.000000 (1410531712.4201) DEBUG: Mozilla/5.0 (Windows NT 6.1; WOW64) AppleWebKit/537.36 (KHTML, like Gecko) Chrome/33.0.1750.5 Safari/537.36
2014-09-12 15:21:52.000000 (1410531712.4207) DEBUG: Array
(
    [order_comment] => 
    [subscription_newsletter] => 1
    [submitCustomCheckout] => save
    [billing] => Array
        (
            [address_id] => 1407
            [firstname] => Aivis
            [lastname] => Zvezdovs
            [street] => Array
                (
                    [0] => 86
                )

            [country_id] => GB
            [region_id] => 
            [region] => 
            [city] => king
            [postcode] => pe301 x
            [telephone] => 0777918212
            [email] => vaslak@fsljsv.lv
            [customer_password] => 
            [confirm_password] => 
            [save_in_address_book] => 1
            [use_for_shipping] => 1
        )

    [shipping] => Array
        (
            [firstname] => Aivis
            [address_id] => 1407
            [lastname] => Zvezdovs
            [street] => Array
                (
                    [0] => 86
                )

            [country_id] => GB
            [region_id] => 
            [region] => 
            [city] => king
            [postcode] => pe301 x
            [telephone] => 0777918212
            [save_in_address_book] => 1
        )

    [shipping_method] => freeshipping_freeshipping
    [payment] => Array
        (
            [method] => sagepaydirectpro
            [cc_owner] => Muwawe Tocayesi
            [cc_type] => VISA
            [cc_number] => XXXXXXXXXXXXX
            [cc_exp_month] => 7
            [cc_exp_year] => 2022
            [cc_cid] => XXX
            [cc_ss_issue] => 
            [cc_ss_start_month] => 
            [cc_ss_start_year] => 
        )

)

2014-09-12 15:21:52.000000 (1410531712.4212) DEBUG: --------------------
