2014-09-10 17:25:55.000000 (1410366355.3102) DEBUG: VPSProtocol=3.00
Status=OK
StatusDetail=0000 : The Authorisation was Successful.
VPSTxId={850961E9-D853-8C21-05E2-E7F79CC6D162}
SecurityKey=GNDSFPEIQF
TxAuthNo=7780959
AVSCV2=ALL MATCH
AddressResult=MATCHED
PostCodeResult=MATCHED
CV2Result=MATCHED
3DSecureStatus=NOTCHECKED
DeclineCode=00
ExpiryDate=1018
BankAuthCode=999777
2014-09-10 17:33:48.000000 (1410366828.618) DEBUG: VPSProtocol=2.23
Status=INVALID
StatusDetail=Simulator cannot find your vendor name in its database.  The simulator saw the Vendor Name 'procityservicel'
2014-09-10 17:34:32.000000 (1410366872.7835) DEBUG: VPSProtocol=3.00
Status=3DAUTH
StatusDetail=2007 : Please redirect your customer to the ACSURL, passing the MD and PaReq.
3DSecureStatus=OK
MD=20141036720202410223
ACSURL=https://test.sagepay.com/mpitools/accesscontroler?action=pareq
PAReq=eJxVUlFPwjAQfvdXLLwauXYjg5GjBCEGopgpJhrflu50C6yDrkP2720HCLYv33fXfr37rjg+FBtvT7rKSzXq8C7rjMUNvmWaaLYiWWsSuKSqSr7Jy9NRx2e8x1kQ9n1mt4W+H3QExpNX2gk8CQmr0+UIZ2oVtMwSZQQmcne/eBa9iIf9PsKJYkF6MRPRgFnVIGDHhXAMo0oKErEuvWluGm9Fep9L8p5MitCmUJa1MroRAz9EOBOs9UZkxmyHAIp+7r6SKrPVdGXZrdeA4NIIl9Li2qHKyh3yVKyDwUvc7Bhn83dTfyqtHvntPvxoHpYjBHcC08SQcIawiDOP94c9NmQ+QhvHpHB1CD+KItvnkeDWvTG5zlxH0PqtSclzI2eGdNiWitwdhD+MKVVSrNxk4qTxlvHCPu1CCJdWpnPnuTTWRu7sbpHTy61DfsDCVtARBHcWTpOE09At+vcZfgF/rrX8
2014-09-10 17:34:55.000000 (1410366895.399) DEBUG: VPSProtocol=3.00
Status=OK
StatusDetail=0000 : The Authorisation was Successful.
VPSTxId={4EE9EEEB-6F41-E74B-AD4F-691CF7DB8EF8}
SecurityKey=45FT16YQM7
TxAuthNo=7781020
AVSCV2=SECURITY CODE MATCH ONLY
AddressResult=NOTMATCHED
PostCodeResult=NOTMATCHED
CV2Result=MATCHED
CAVV=AAABARR5kwAAAAAAAAAAAAAAAAA=
3DSecureStatus=OK
DeclineCode=00
ExpiryDate=0623
BankAuthCode=999783
2014-09-10 17:41:56.000000 (1410367316.3381) DEBUG: VPSProtocol=3.00
Status=3DAUTH
StatusDetail=2007 : Please redirect your customer to the ACSURL, passing the MD and PaReq.
3DSecureStatus=OK
MD=20141036764557010230
ACSURL=https://test.sagepay.com/mpitools/accesscontroler?action=pareq
PAReq=eJxVUsFSwjAQvfsVHa6ObNKWljJLGIRxZBQsohy81XSFDrSlaavw9yZABXPa9zZ5u/s2ONinW+ubVJnkWb/F26w1EDf4tlZE4wXJWpHAKZVltCIrifstm3GXM8fzPbfT8RlntsNaAsPhKxUCz0JC67Q5QgO1gpLrKKsERrK4n8yEG3DP9xHOEFNSk7EIuozZzHHY6SCcaMyilESocmuUVAdrQeo7kWQ9VzHCMYUyr7NKHUTX9hAagLXainVV7XoAGf3cfUXlWnfTlnm73gCCSSNcWgtrE5Vabp/EYpkURTCeczkPX2bp8uEpe/+8/RhthrtVH8HcwDiqSBhDWMCZxf2e6/fsDsKRxyg1fQg7CAI95wngztQYXmeuGdR+K8pkM0iDkPa7PCPzBuEvxphKKRZmM2F0sKbhRJc2FMJllNGj8VxW2kZu7D5GRi/RDtku84+CBiCYu3DeJJyXrqN/n+EX1z22RQ==
2014-09-10 17:42:06.000000 (1410367326.0498) DEBUG: VPSProtocol=3.00
Status=OK
StatusDetail=0000 : The Authorisation was Successful.
VPSTxId={E711F343-69A0-9346-31EA-1E9B87E0C950}
SecurityKey=D8WYA4VWTZ
TxAuthNo=7781039
AVSCV2=SECURITY CODE MATCH ONLY
AddressResult=NOTMATCHED
PostCodeResult=NOTMATCHED
CV2Result=MATCHED
3DSecureStatus=NOTAUTHED
DeclineCode=00
ExpiryDate=0724
BankAuthCode=999779
2014-09-10 18:05:33.000000 (1410368733.6086) DEBUG: VPSProtocol=3.00
Status=OK
StatusDetail=2014 : The Transaction was Registered Successfully.
VPSTxId={E1E49C51-2280-6CDD-F50D-A28AFE60184C}
SecurityKey=OR3SQHNX9I
NextURL=https://test.sagepay.com/gateway/service/cardselection?vpstxid={E1E49C51-2280-6CDD-F50D-A28AFE60184C}
2014-09-10 18:11:40.000000 (1410369100.4524) DEBUG: VPSProtocol=3.00
Status=OK
StatusDetail=2005 : The Void was Successful.
2014-09-10 18:13:55.000000 (1410369235.5084) DEBUG: VPSProtocol=3.00
Status=INVALID
StatusDetail=4006 : The TxType requested is not supported on this account.
2014-09-10 18:54:00.000000 (1410371640.9537) DEBUG: VPSProtocol=3.00
Status=INVALID
StatusDetail=4006 : The TxType requested is not supported on this account.
2014-09-10 18:55:08.000000 (1410371708.7738) DEBUG: VPSProtocol=3.00
Status=INVALID
StatusDetail=4006 : The TxType requested is not supported on this account.
2014-09-12 13:07:53.000000 (1410523673.8082) DEBUG: VPSProtocol=3.00
Status=INVALID
StatusDetail=4006 : The TxType requested is not supported on this account.
2014-09-12 15:31:31.000000 (1410532291.2174) DEBUG: VPSProtocol=3.00
Status=3DAUTH
StatusDetail=2007 : Please redirect your customer to the ACSURL, passing the MD and PaReq.
3DSecureStatus=OK
MD=2014105326246011384
ACSURL=https://test.sagepay.com/mpitools/accesscontroler?action=pareq
PAReq=eJxVUk1vwjAMve9XVL0PJ20pHzJBDKYNaUXVmCbtWKUGyqAtacrg3y+BdrCc3rOtZ/s5OD7td86RVJUV+cjlHeaOxQN+bBTRbEmyViQwoqpK1uRk6cj1GA846/pe6AUh49zvB67AePJOB4GNjjAyHY7QUiOg5CbJtcBEHp7mCxEMeNjrITQU96TmMzHoM+Yx32fXh3ANY57sScSqcKaZPjtLUsdMkvOmU4RLCmVR51qdRd8LEVqCtdqJjdblECCnn8dVUm3MNB1ZdOpvQLBphNtocW1RZeROWSpyFnwVLwu+3K0iKlfyeb3NtpH+TNVkhGArME00CesHG3DP4d2h3xuyAOESx2Rv5xBdu0eDsbQtJneJ+wAasxXlsl2jZUinssjJVHgIfxhTqqRY2rPEydmJ4rlpbEMIt0Wmr9ZxqY2J3Jp9QVYvM/54AeMXQUsQbC00d4Tm4gb9+wm/hhm1+Q==
2014-09-12 15:31:40.000000 (1410532300.9013) DEBUG: VPSProtocol=3.00
Status=OK
StatusDetail=0000 : The Authorisation was Successful.
VPSTxId={CA13D80D-F35A-31EA-8CFA-DF9B17B367F1}
SecurityKey=C08KH22TSP
TxAuthNo=7800800
AVSCV2=SECURITY CODE MATCH ONLY
AddressResult=NOTMATCHED
PostCodeResult=NOTMATCHED
CV2Result=MATCHED
CAVV=AAABARR5kwAAAAAAAAAAAAAAAAA=
3DSecureStatus=OK
DeclineCode=00
ExpiryDate=0124
BankAuthCode=999777
2014-09-12 15:35:25.000000 (1410532525.2178) DEBUG: VPSProtocol=3.00
Status=INVALID
StatusDetail=4006 : The TxType requested is not supported on this account.
2014-09-13 14:36:56.000000 (1410615416.5262) DEBUG: VPSProtocol=3.00
Status=OK
StatusDetail=0000 : The Authorisation was Successful.
VPSTxId={760ACBBD-39FD-222E-D6C3-CB755721F94A}
SecurityKey=A6RPVA0NPS
TxAuthNo=1271240499
AVSCV2=SECURITY CODE MATCH ONLY
AddressResult=NOTMATCHED
PostCodeResult=MATCHED
CV2Result=MATCHED
3DSecureStatus=NOTCHECKED
DeclineCode=00
ExpiryDate=0517
BankAuthCode=015128
2014-09-17 16:38:18.000000 (1410968298.3558) DEBUG: VPSProtocol=3.00
Status=OK
StatusDetail=0000 : The Authorisation was Successful.
VPSTxId={A6436837-374A-6047-93DC-CC8FF8AE7A89}
SecurityKey=THHRGOZY0E
TxAuthNo=1272804891
AVSCV2=ALL MATCH
AddressResult=MATCHED
PostCodeResult=MATCHED
CV2Result=MATCHED
3DSecureStatus=NOTCHECKED
DeclineCode=00
ExpiryDate=1016
BankAuthCode=359917
2014-10-05 21:15:06.000000 (1412540106.4081) DEBUG: VPSProtocol=3.00
Status=3DAUTH
StatusDetail=2007 : Please redirect your customer to the ACSURL, passing the MD and PaReq.
3DSecureStatus=OK
MD=201412540483470104941
ACSURL=https://www.securesuite.co.uk/hbos/tdsecure/opt_in_dispatcher.jsp?partner=bos_x2x_csh&VAA=B
PAReq=eJxVUstuwjAQvPcrEPdiO5g80GJEQWoRpY2aSn3cImfbpCUJOAkEvr52SFpq+bAza493Zw3TOt309qiKJM8mfTag/am4gudYIS4ClJVCAWssivATe0k06VuUcWaNOOXukDuUUe5x1hfgz55wJ6BVElpoYAHpoJZQMg6zUkAodzfLB8E9ZjsOkBZCimq5EJ5LqUWHQ3peQM40ZGGKwlf5PCmPAap9IvG+jIA0PMi8ykp1FK5lA+kAVGoj4rLcjgnJ8HD9ERaxLmUg80H1TYCYNJC/uvzKRIWWq5NIbKWTHU7Fa/0oD6f3l9WXSt6Sg1wFt+4EiDkBUViiaOygdNSz2NhsDqThIUxNHYJzz9NNngFszRuzy8wlA9pthZnsGukQYL3NM9QntKO/MURYSBGYufjhsbf2l/ppQwH5a2V+ZwyXpbHW9phrO3padOQyyzXWNwkjn2jDmMNoo28AEHOVtFMl7Q/Q0b+f8QPEyrpo
2014-10-05 21:15:16.000000 (1412540116.3782) DEBUG: VPSProtocol=3.00
Status=OK
StatusDetail=0000 : The Authorisation was Successful.
VPSTxId={882E3F43-6929-602A-188E-CABBCBD11DAD}
SecurityKey=8LHALM6Y0F
TxAuthNo=1281142520
AVSCV2=ALL MATCH
AddressResult=MATCHED
PostCodeResult=MATCHED
CV2Result=MATCHED
CAVV=AAABAnBHgwAAACYVR0eDAAAAAAA=
3DSecureStatus=OK
DeclineCode=00
ExpiryDate=1017
BankAuthCode=006436
2014-10-06 19:58:35.000000 (1412621915.5055) DEBUG: VPSProtocol=3.00
Status=INVALID
StatusDetail=4008 : The Currency is not supported on this account.
2014-10-06 20:02:51.000000 (1412622171.0587) DEBUG: VPSProtocol=3.00
Status=INVALID
StatusDetail=4008 : The Currency is not supported on this account.
2014-10-19 12:24:50.000000 (1413717890.8991) DEBUG: VPSProtocol=3.00
Status=3DAUTH
StatusDetail=2007 : Please redirect your customer to the ACSURL, passing the MD and PaReq.
3DSecureStatus=OK
MD=201413718328415140848
ACSURL=https://secure5.arcot.com/acspage/cap?RID=6494&VAA=B
PAReq=eJxVUttuwjAMfd9XIN6Hk7aDFplMbEgDtE4VbCDtrUu9tYJeSNON/v0SKLvkyefYOraPg7fHfN/7JFVnZTHp8wHr34orfE4V0WxNslEkMKS6jj+olyWTvsO4x90R913H9/gN95jv+X2B0XRFB4GdkjBCAwfhAo2EkmlcaIGxPNwtnoQX8OFohNBBzEktZiLwGXOY67LzQzjTWMQ5iUiV95lu16Q+M0mPOkE48SjLptCqFb4zRLgAbNRepFpXY4CCvq7f4zo1owxkOWh2gGDTCL9zRY2NaiN3zBKxqja6oUOUl1Uevm7123LHZ/x9Bxs5QbAVmMSaxMkOxoMed8auM2YBwonHOLdziGFgmC7GyraY/kn8JdB4raiQlzUuCOlYlQWZCuPnT4wJ1VKs7VWiuO2F0cI0thTC7yL3c2u31MbBdrmf3+jlfLXahsl607ovKW0/dg/Tr3Bij3Aqsq0yY51Z6dzLAgQrA919ofsLJvr3R74Br/q/yg==
2014-10-19 12:25:03.000000 (1413717903.7977) DEBUG: VPSProtocol=3.00
Status=OK
StatusDetail=0000 : The Authorisation was Successful.
VPSTxId={2086C8EB-F696-E500-F4E2-9817A51D694A}
SecurityKey=SEFN5LDAG5
TxAuthNo=1286647183
AVSCV2=ALL MATCH
AddressResult=MATCHED
PostCodeResult=MATCHED
CV2Result=MATCHED
3DSecureStatus=NOTAUTHED
DeclineCode=00
ExpiryDate=1214
BankAuthCode=293958
2014-10-19 12:25:04.000000 (1413717904.6964) DEBUG: VPSProtocol=2.23
Status=INVALID
StatusDetail=5036 : transaction not found
2014-10-21 09:04:31.000000 (1413878671.6075) DEBUG: VPSProtocol=3.00
Status=3DAUTH
StatusDetail=2007 : Please redirect your customer to the ACSURL, passing the MD and PaReq.
3DSecureStatus=OK
MD=20141387911782722255
ACSURL=https://secure.barclaycard.co.uk/barclays/tdsecure/pa.jsp?partner=business.visa&VAA=B
PAReq=eJxVUk1PwzAMvfMrpt2Zk3Rd2skLAibBNEAVQ0IcQ2pY2ZaOtB0bv56kdHzk5PfsPDsvxrP9Zt3bkauK0k76fMD6Z+oEH5aOaLog0zhSeEtVpV+pV+STvmB8yKNEppzLREghRBz3FWbn9/SusBNSXmcgEI7QKziz1LZWqM37xexODVM+khKhg7ghN5uqNGFMsChi3wfhm0arN6QyV14W9WFBblcYuqlzhJZHUza2dgeViBHCEWDj1mpZ19sxgKWP0xddLf0oA1MOmhUghDTC71xZE6LKy+2LXD3Zx+f8Nbv4lCubwFy/XaXTeZXZgzAThFCBua5JtW4wwXssHXM+jhOElke9CXMoHqd+pg7gNvQ4/5v5y6A325E1x4ccEdJ+W1ryFd7RnxhzqoxahG/J9KF3m81860Ah/D7l8joYbupg7WgkIxYJIX0QyyRY3yaCfOEN45INW/0AEMJV6H4VugXw0b/F+AI33bkx
2014-10-21 09:04:44.000000 (1413878684.9324) DEBUG: VPSProtocol=3.00
Status=OK
StatusDetail=0000 : The Authorisation was Successful.
VPSTxId={566D8642-BFFC-C7B6-826C-485421174A57}
SecurityKey=KY3VXPFZZY
TxAuthNo=1287392715
AVSCV2=ALL MATCH
AddressResult=MATCHED
PostCodeResult=MATCHED
CV2Result=MATCHED
CAVV=AAABBEKYGAAAACZBgZgYAAAAAAA=
3DSecureStatus=OK
DeclineCode=00
ExpiryDate=0417
BankAuthCode=036909
2014-10-21 22:48:03.000000 (1413928083.0331) DEBUG: VPSProtocol=3.00
Status=INVALID
StatusDetail=3069 : The PaymentSystem is not supported on the account. The following values were used, cardtype was DC, accounttype was E, currency was GBP, vendor was procityservicel.
2014-10-22 10:31:48.000000 (1413970308.5438) DEBUG: VPSProtocol=3.00
Status=3DAUTH
StatusDetail=2007 : Please redirect your customer to the ACSURL, passing the MD and PaReq.
3DSecureStatus=OK
MD=20141397075945146864
ACSURL=https://secure5.arcot.com/acspage/cap?RID=8696&VAA=A
PAReq=eJxVUstywjAMvPcrGK6dIseERxhhhkdnCgM0hfbSm+uoEAoJOA6Ev6/No1CftCt7Ja2MnWKzLu1JZ3GatMtehZU74gHfl5poMCeVaxI4oSyTCyrFUbvMmed71aDBGrXAr3l+vVn3ywLD7ox2Ai9CwupUOMIVWgWtljIxAqXa9YZT4QdevdFAuEDckB4ORNBkjLNqlZ0PwpnGRG5IhDrtx+Y4J72PFY1NhHDiUaV5YvRRNHkd4Qow12uxNGbbAkjo8PQts6VtpaLSSv4DCC6NcOsrzF2UWbkijsTj5+wrZebxNZqOx4NcL/RuF/ZWCWOHNoK7gZE0JE5uMM5LHmtVgxa3LZ94lBvXh+Be0LRDngFuXY3ufeaeQWu2pkRdB7kipGKbJuTeIPzFGFGmxNytJZTH0iQc2tKOQriN0n9xhitjPYxGfei/pvJ9xkerwsxX68GoOHw8994+2m4Np0uuVGzN82rsXMsBBCcDlw3D5TPY6N8n+QXAOr88
2014-10-22 10:34:32.000000 (1413970472.4931) DEBUG: VPSProtocol=3.00
Status=OK
StatusDetail=0000 : The Authorisation was Successful.
VPSTxId={4D06BBA7-FCE8-6675-1AE1-FA3ABEA641DF}
SecurityKey=NRBJXHVHPR
TxAuthNo=1287913687
AVSCV2=ALL MATCH
AddressResult=MATCHED
PostCodeResult=MATCHED
CV2Result=MATCHED
CAVV=AAABCUlngpYjRjgTQmeCEZfiF8c=
3DSecureStatus=OK
DeclineCode=00
ExpiryDate=0215
BankAuthCode=005326
2014-10-22 11:30:05.000000 (1413973805.0636) DEBUG: VPSProtocol=3.00
Status=3DAUTH
StatusDetail=2007 : Please redirect your customer to the ACSURL, passing the MD and PaReq.
3DSecureStatus=OK
MD=20141397425614851208
ACSURL=https://secure5.arcot.com/acspage/cap?RID=8696&VAA=B
PAReq=eJxVUttSwjAQffcrGF47skko0DJLHAqOFi9TRWfUt5iu0lFaTFssf2/CRTSThz0nydnds8GzZvnZWpMpsyIftXmHtc/kCT4sDNF0Tro2JPGGylK9UytLR23BuM+74cAXvT73gx4XLGhLTMb39CVxLyStTkcgHKBVMHqh8kqi0l9RfCv9kPcHA4Q9xCWZeCrDgDHBul22Wwg7GnO1JJmYYpJVmzmZdabpukoRtjzqos4rs5GB6CMcANbmUy6qajUEyOn79E2VC1tKRxed+gMQ3DHCsa6kdlFp5Zosld/BTNGr5tkH89b8wgunkbfW82fesBGCu4Gpqkhu3WBCtDgfdgd2I2x5VEtXhxQ8DGyTO4Arl2P89+Qvg9ZsQ7k+NHJASM2qyMm9QfiNMaVSy7kbS6I2rZsktqkdhXBsZXLpDNeV9TD24ubFP1f3fe/qyUSzaDb1Zu+P59Hd48iNYXvJpcqsebzHdrkcQHAysJ8w7D+Djf59kh88N70N
2014-10-22 11:30:29.000000 (1413973829.0744) DEBUG: VPSProtocol=3.00
Status=NOTAUTHED
StatusDetail=2000 : The Authorisation was Declined by the bank.
VPSTxId={D819A12F-870C-9056-0D65-C299C622F290}
SecurityKey=S2SKDQKNFI
AVSCV2=DATA NOT CHECKED
AddressResult=NOTPROVIDED
PostCodeResult=NOTPROVIDED
CV2Result=NOTPROVIDED
3DSecureStatus=OK
DeclineCode=05
ExpiryDate=0215
2014-10-22 16:29:01.000000 (1413991741.259) DEBUG: VPSProtocol=3.00
Status=3DAUTH
StatusDetail=2007 : Please redirect your customer to the ACSURL, passing the MD and PaReq.
3DSecureStatus=OK
MD=20141399219377965806
ACSURL=https://www.securesuite.co.uk/rbs/tdsecure/pa.jsp?partner=debit_nw_visa&VAA=B
PAReq=eJxVUstuwjAQvPcrEPdm7QQSghYjCipFaquIR6seXWdbokICTsLr62snUKjlw86sPd6dNfYP61VjRzpPsrTX5A5r9sUdzpeaaDQjVWoS+EJ5Lr+pkcS9pst4i3th6PLQC4LQb3eY3xQYDaa0FXgWEkbHcREu0ChotZRpIVCq7cPkVbRC7gcBwhnimvRkJMIOYy7zPFYvhJrGVK5JRDobJsVxRnqXKHouYoSKR5WVaaGPouP6CBeApV6JZVFsugAp7e+/ZL40pTgqc8ofQLBphGtdUWmj3Mgdkli8z9lh/yZPi+E4P0WfMN58pIsVyx+nnR6CPYGxLEhUbjDXbXC/65ndQqh4lGtbh+BuGJoma4Ab+8bgNnPLoDFbU6oujVwQ0mGTpWROGEf/YowpV2JmxxLJY+MlmpinLYVwbWX4ZA1XhbXWD7y2z9vGdm5mZ6uqE1Y+MYbxgPmVvgUI9iqcpwrnD2Cifx/jF4G+uWQ=
2014-10-22 16:29:28.000000 (1413991768.2551) DEBUG: VPSProtocol=3.00
Status=OK
StatusDetail=0000 : The Authorisation was Successful.
VPSTxId={A0C4AA9A-CD81-262B-83A4-FFADF261116D}
SecurityKey=QIX5GQ5GNO
TxAuthNo=1288112503
AVSCV2=ALL MATCH
AddressResult=MATCHED
PostCodeResult=MATCHED
CV2Result=MATCHED
CAVV=AAABB0GXhAAAACZERJeEAAAAAAA=
3DSecureStatus=OK
DeclineCode=00
ExpiryDate=0617
BankAuthCode=004122
2014-10-23 22:23:49.000000 (1414099429.573) DEBUG: VPSProtocol=3.00
Status=3DAUTH
StatusDetail=2007 : Please redirect your customer to the ACSURL, passing the MD and PaReq.
3DSecureStatus=OK
MD=201414099887119126581
ACSURL=https://secure5.arcot.com/acspage/cap?RID=8696&VAA=B
PAReq=eJxVUttSwjAQffcrGN4ltwots4QRcBQVrVxmfM2kq+1IW0xTuXy9CRQvedpzdufs7tnAcJevW19oqqwsBm3Woe2hvIBlahAnC9S1QQkzrCr1jq0sGbQ5ZQELaBSFYY+xiPHuVcjaEuLrOX5KaJSkE+pwIGfoJIxOVWElKP05mj7JIGLdXg9IAyFHM53IKKSUUyHo6QE50VCoHGVsynFm9ws0X5nGR5sAOfKgy7qwZi9D3gVyBlCbtUyt3fQJKXB7+aaq1I3S0WWn/iBAfBrI71xx7aPKye2yRGYvh9FqHBbrsX2Yx+lB5OlzkJR2Pp8OgPgKSJRFebSDctHivC9Yn4dAjjyo3M8hAxG5mRoAG9/j+m/mLwPObYOFPi9yRoC7TVmgq3CO/sSQYKXlwt8lVvvWLJ661p4C8rvK+M4brq3z8HVE1eSuvl1ulRD3s0VPKLXZrm5GL6uBP8OxyLfKnHnsip56eQDEy5DmwqT5DS7690u+AUSwvwU=
2014-10-23 22:24:28.000000 (1414099468.8187) DEBUG: VPSProtocol=3.00
Status=NOTAUTHED
StatusDetail=2000 : The Authorisation was Declined by the bank.
VPSTxId={D23DDE1A-DEB3-AA4D-E29B-CDDFE9C8ADD7}
SecurityKey=DLM6OMPLFC
AVSCV2=DATA NOT CHECKED
AddressResult=NOTPROVIDED
PostCodeResult=NOTPROVIDED
CV2Result=NOTPROVIDED
3DSecureStatus=NOTAUTHED
DeclineCode=05
ExpiryDate=0215
2014-10-23 22:30:33.000000 (1414099833.1501) DEBUG: VPSProtocol=3.00
Status=3DAUTH
StatusDetail=2007 : Please redirect your customer to the ACSURL, passing the MD and PaReq.
3DSecureStatus=OK
MD=201414100290810126827
ACSURL=https://secure5.arcot.com/acspage/cap?RID=8696&VAA=B
PAReq=eJxVUsluwjAQvfcrEPcyjsMS0GDEUlSqUgVSJNpb5AyQliTgLJB+fW2WQu3LvGf7zcwbY+8YbSsFqTRM4m7VqrFqTzzg+0YRjTySuSKBU0pTf02VMOhWObPqejPG28yxmMWbDm9VBbr9Oe0FXpSEFqpxhCvUEkpu/DgT6Mv9YPIm6m2r2WohXCBGpCYj0Xa0MLNtdl4IZxpjPyLhqmQYZqVHqgglvWYBwolHmeRxpkrh8CbCFWCutmKTZbsOQEyHx5WfbnQpNZnU8m9AMMcIt7rc3ESpljuGgWgUn4G9chqk9pG3XbbGUXSAl+Vu+5F2EcwNDPyMxMkOxu0K5x3b6Vi65xOPfmTqENxqO7rJM8CdydG/P7lnULutKJbXRq4I6bhLYjJvEP5iDCiVwjNzcf2yMnUnOrWhEG6tDJ+N4TLTHq4LZRf28mdeb85k6X0NXeaN14unwWzRNWM4XTKpQm2e1WDnXAYgGBm4TBguv0FH/37JL0viv2Y=
2014-10-23 22:31:48.000000 (1414099908.0275) DEBUG: VPSProtocol=3.00
Status=NOTAUTHED
StatusDetail=2000 : The Authorisation was Declined by the bank.
VPSTxId={78CEDE5A-D433-2E14-E685-3828694DCBE7}
SecurityKey=AHCDIUPGBB
AVSCV2=DATA NOT CHECKED
AddressResult=NOTPROVIDED
PostCodeResult=NOTPROVIDED
CV2Result=NOTPROVIDED
3DSecureStatus=OK
DeclineCode=05
ExpiryDate=0215
2014-10-30 20:23:26.000000 (1414700606.4724) DEBUG: VPSProtocol=3.00
Status=3DAUTH
StatusDetail=2007 : Please redirect your customer to the ACSURL, passing the MD and PaReq.
3DSecureStatus=OK
MD=201414701096156127369
ACSURL=https://secure5.arcot.com/acspage/cap?RID=8697&VAA=B
PAReq=eJxVUk1zgjAQvfdXOF6dmgQoiLPGETxop634cbBHGtZKVdAQFP99E9Rqc9r3dmd339tAv9ptG0eURZpnvSZr02afP8FiLRGHcxSlRA7vWBTxNzbSpNe0KHOY41FGfZe9uMzybNdvcogGMzxwuHbiulHbAnKDuoUU6zhTHGJxCMYf3PGZ63lArhB2KMdD7ncotaht08sDcqEhi3fII5mHqTrPUR5TgW8qAVLzIPIyU/LMO5YL5AaglFu+VmrfJSTD0/MqLtZ6lbbI2+WGADFpIPe9otJEhW5XpQkfhVN2mkSiSoKwdH+WiI7XSj4ny9apB8RUQBIr5LUd1KYNi3Zt1rW1opqHeGf20DJ9X4u8ANibGYPHzCMD2m2JmbgJuSHAap9nqCu0o38xJFgIPjd3ieJz4z0a69GGAnKXEo6M4UJpD1dfUbBUxWLxGnYCL3Oq/XxWDTZBMB33zBnqIjMq1eYxj7r1LAOAmDbkemFy/Q06+vdLfgGcMr7O
2014-10-30 20:24:08.000000 (1414700648.042) DEBUG: VPSProtocol=3.00
Status=OK
StatusDetail=0000 : The Authorisation was Successful.
VPSTxId={AACC6851-F3C9-DB56-3C15-0F9E998D102D}
SecurityKey=KKVKBMLTPW
TxAuthNo=1292218571
AVSCV2=ALL MATCH
AddressResult=MATCHED
PostCodeResult=MATCHED
CV2Result=MATCHED
CAVV=AAABCSI4ADcSAXFoJjgAEFaKJtg=
3DSecureStatus=OK
DeclineCode=00
ExpiryDate=0617
BankAuthCode=007344
2014-11-14 18:27:22.000000 (1415989642.2926) DEBUG: VPSProtocol=3.00
Status=NOTAUTHED
StatusDetail=2000 : The Authorisation was Declined by the bank.
VPSTxId={AB3DF1BF-D456-02F2-D884-86E1814F7531}
SecurityKey=MPQUESGB5D
AVSCV2=DATA NOT CHECKED
AddressResult=NOTPROVIDED
PostCodeResult=NOTPROVIDED
CV2Result=NOTPROVIDED
3DSecureStatus=NOTCHECKED
DeclineCode=05
ExpiryDate=0817
2014-11-14 18:33:23.000000 (1415990003.732) DEBUG: VPSProtocol=3.00
Status=NOTAUTHED
StatusDetail=2000 : The Authorisation was Declined by the bank.
VPSTxId={C834C9C6-2150-FE02-B589-B47AB7429F0D}
SecurityKey=PNV7CFFN3X
AVSCV2=DATA NOT CHECKED
AddressResult=NOTPROVIDED
PostCodeResult=NOTPROVIDED
CV2Result=NOTPROVIDED
3DSecureStatus=NOTCHECKED
DeclineCode=05
ExpiryDate=0817
2014-11-14 18:37:13.000000 (1415990233.804) DEBUG: VPSProtocol=3.00
Status=NOTAUTHED
StatusDetail=2000 : The Authorisation was Declined by the bank.
VPSTxId={253F1230-0480-AAC3-B19D-B6BEEA7FE151}
SecurityKey=VCB4CHAGFH
AVSCV2=DATA NOT CHECKED
AddressResult=NOTPROVIDED
PostCodeResult=NOTPROVIDED
CV2Result=NOTPROVIDED
3DSecureStatus=NOTCHECKED
DeclineCode=05
ExpiryDate=0817
2014-11-15 14:53:06.000000 (1416063186.5482) DEBUG: VPSProtocol=3.00
Status=3DAUTH
StatusDetail=2007 : Please redirect your customer to the ACSURL, passing the MD and PaReq.
3DSecureStatus=OK
MD=20141606362322850623
ACSURL=https://www.securesuite.co.uk/rbs/tdsecure/pa.jsp?partner=debit_nw_visa&VAA=B
PAReq=eJxVUk1TwjAQvfsrGK6ObJJ+UWYJgx+jzKhTRQ8cM+kKRWghTRX+vUkBxVyy7232ZfclONqtV50vMnVRlcMu77HuSF7g28IQ3U5JN4YkPlFdqzl1inzYFYyHPGZxEItAiH7E3N6VmI1faSvxKCSdTk8gnKBTMHqhSitR6e315FmGKY+TBOEIcU1mcivTPmOCBQE7LIQDjaVak8xMdVPY/ZTMV6Hp0eYILY+6akpr9rIvYoQTwMas5MLazQCgpO+rD1UvXCs9XfWaT0DwaYS/vrLGR7WT2xW5fNgul6ENXmb39++QXc6qVQArrl7s/G6I4E9grizJ1g3Oow6PBowNRIjQ8qjWvg8p0jR1Qx4Abvwd4/PMOYPObEOlPg1yQki7TVWSr0H4jTGnWsupf5ZM7TtP2cRd7SmEv1FuHrzh2nprk6jPGU9EKFgY8shb3ya8fOEM4wmLWn0PEHwpHF8Vjh/ARf8+xg97k7iF
2014-11-15 14:54:39.000000 (1416063279.8361) DEBUG: VPSProtocol=3.00
Status=OK
StatusDetail=0000 : The Authorisation was Successful.
VPSTxId={6C112D5B-3EF9-0B0D-59D6-F7000A7B7A1E}
SecurityKey=5AT3UUAL1M
TxAuthNo=1299047676
AVSCV2=ALL MATCH
AddressResult=MATCHED
PostCodeResult=MATCHED
CV2Result=MATCHED
CAVV=AAABA0U0WQAAACaICTRZAAAAAAA=
3DSecureStatus=OK
DeclineCode=00
ExpiryDate=0517
BankAuthCode=005764
2014-11-15 19:48:29.000000 (1416080909.5292) DEBUG: VPSProtocol=3.00
Status=NOTAUTHED
StatusDetail=2000 : The Authorisation was Declined by the bank.
VPSTxId={218E0885-749F-1914-52BC-71689F3F844E}
SecurityKey=AG7NNNPKDP
AVSCV2=DATA NOT CHECKED
AddressResult=NOTPROVIDED
PostCodeResult=NOTPROVIDED
CV2Result=NOTPROVIDED
3DSecureStatus=NOTCHECKED
DeclineCode=05
ExpiryDate=1216
2014-11-16 18:03:35.000000 (1416161015.7075) DEBUG: VPSProtocol=3.00
Status=INVALID
StatusDetail=4008 : The Currency is not supported on this account.
2014-11-16 18:12:36.000000 (1416161556.3255) DEBUG: VPSProtocol=3.00
Status=INVALID
StatusDetail=4008 : The Currency is not supported on this account.
2014-11-16 18:22:20.000000 (1416162140.6376) DEBUG: VPSProtocol=3.00
Status=INVALID
StatusDetail=4008 : The Currency is not supported on this account.
2014-11-17 19:36:50.000000 (1416253010.8269) DEBUG: VPSProtocol=3.00
Status=OK
StatusDetail=0000 : The Authorisation was Successful.
VPSTxId={9C4E4DB7-FEC6-1E4F-5BD5-E63169CC8A31}
SecurityKey=GXRSZHOUUC
TxAuthNo=1299936988
AVSCV2=SECURITY CODE MATCH ONLY
AddressResult=NOTCHECKED
PostCodeResult=NOTCHECKED
CV2Result=MATCHED
3DSecureStatus=NOTCHECKED
DeclineCode=00
ExpiryDate=0817
BankAuthCode=585394
2014-11-20 19:53:29.000000 (1416513209.0792) DEBUG: VPSProtocol=3.00
Status=3DAUTH
StatusDetail=2007 : Please redirect your customer to the ACSURL, passing the MD and PaReq.
3DSecureStatus=OK
MD=201416513654923300018
ACSURL=https://tsys.arcot.com/acspage/cap?RID=24299&VAA=B
PAReq=eJxVUttSwjAQffcrGN4ll1JsmSUO1guoQAd0HB9jukpBWkhTKH9vUkA0T3vOJmd3zwauq9V3Y4u6SPOs12Qt2rwWF/Ay14i3M1SlRgEjLAr5hY006TU5ZW3W8ZnX8dsh9zxKKQuaAuL+FDcCjkrCCrU4kBO0ElrNZWYESLW5GY6F3+Y+84EcIaxQD29FGFDKaa3qDpADDZlcoYh1HqVmP0O9TRU+mwRIzYPKy8zovQh4B8gJQKm/xdyYdZeQDHeXn7KY21ZaKm+VSwLEpYGc+4pLFxVWrkoTMXyfVnKSRtn9cqEfqvF0/Lr43C+Cp0nQA+JuQCINitoOxmmD0y6lXd82UPMgV64PwdthaIc8AFi7Gv2/mb8MWLc1Zuo0yAkBVus8Q/cGyG8MCRZKzNxeYrlvjOKhLe0oIOdRooEzXBnrYcS86iMKH6fmTeE2GvhLb3e1G931+689t4b6kiuVWvNYh3p1LQeAOBly3DA5/gYb/fslPyTovwg=
2014-11-20 19:53:33.000000 (1416513213.5263) DEBUG: VPSProtocol=3.00
Status=OK
StatusDetail=0000 : The Authorisation was Successful.
VPSTxId={234A176E-39B5-5FA8-DE6B-A0179C70C7E6}
SecurityKey=T8LGV9VHSX
TxAuthNo=1301412007
AVSCV2=ALL MATCH
AddressResult=MATCHED
PostCodeResult=MATCHED
CV2Result=MATCHED
CAVV=jNpZiS2ZE2/kCBEAAFcaBZIAAAA=
3DSecureStatus=OK
DeclineCode=00
ExpiryDate=0316
BankAuthCode=017720
2014-11-22 17:09:35.000000 (1416676175.9141) DEBUG: VPSProtocol=3.00
Status=INVALID
StatusDetail=4008 : The Currency is not supported on this account.
2014-11-22 17:11:16.000000 (1416676276.1945) DEBUG: VPSProtocol=3.00
Status=INVALID
StatusDetail=4008 : The Currency is not supported on this account.
2014-11-23 10:31:10.000000 (1416738670.6689) DEBUG: VPSProtocol=3.00
Status=3DAUTH
StatusDetail=2007 : Please redirect your customer to the ACSURL, passing the MD and PaReq.
3DSecureStatus=OK
MD=201416739121559409424
ACSURL=https://secure6.arcot.com/acspage/cap?RID=39263&VAA=A
PAReq=eJxVUttugzAMfd9XoL5Oa0gIvcmkomXS0C6ipZu0vbHgDdQBXYC1/fsltF27PPkcW8f2cWC6K76sH1R1XpVej/bt3lRcwSpTiEGMslUo4BHrOvlEK0+9HrMpp4OhM6aMuu6Y22POeE9A5C/xW8BRSWihPgNyglpCySwpGwGJ/J6FT8LlzKUukCOEAlUYiPHItpntOPbhATnQUCYFikhV87zZx6h+cokPTQqk40FWbdmovRixAZATgFZ9iaxpNhNCStzefCR1pkfpy6rfrgkQkwZynitqTVRruV2eilUbh8NFGr8GL1yl/jq4bgMs1nQY+x4QUwFp0qDo7KDMsag9cUYTrnfueEgKM4fgzpDrJQ8ANqaHf5m5ZEC7rbCUp0VOCHC3qUrUFVr9L4YUaylic5co2VuPUahbGwrIeZX5nTFcNtrD+2VJ324ZrsLrvVTP78F7/ZRt5XzmLzxzhq7ItMq1eXRAadfLACBGhhwvTI6/QUf/fskvcS++rw==
2014-11-23 10:31:18.000000 (1416738678.2974) DEBUG: VPSProtocol=3.00
Status=OK
StatusDetail=0000 : The Authorisation was Successful.
VPSTxId={90763698-DEE7-2DD2-41C9-A37EF8143248}
SecurityKey=5ZE8DDKGME
TxAuthNo=1302285811
AVSCV2=ALL MATCH
AddressResult=MATCHED
PostCodeResult=MATCHED
CV2Result=MATCHED
CAVV=htpZiS2ZE2/kCAAAABzsAgEAAAA=
3DSecureStatus=ATTEMPTONLY
DeclineCode=00
ExpiryDate=1116
BankAuthCode=496682
2014-11-24 07:47:56.000000 (1416815276.4782) DEBUG: VPSProtocol=3.00
Status=INVALID
StatusDetail=4008 : The Currency is not supported on this account.
2014-11-24 14:12:18.000000 (1416838338.6051) DEBUG: VPSProtocol=3.00
Status=INVALID
StatusDetail=4008 : The Currency is not supported on this account.
2014-11-24 21:04:26.000000 (1416863066.3766) DEBUG: VPSProtocol=3.00
Status=OK
StatusDetail=0000 : The Authorisation was Successful.
VPSTxId={266403F8-082E-FDC0-4641-7EEA5C893316}
SecurityKey=LI5D5FZBWW
TxAuthNo=1303071798
AVSCV2=SECURITY CODE MATCH ONLY
AddressResult=NOTCHECKED
PostCodeResult=NOTCHECKED
CV2Result=MATCHED
3DSecureStatus=NOTCHECKED
DeclineCode=00
ExpiryDate=0817
BankAuthCode=156821
2014-11-26 23:29:02.000000 (1417044542.413) DEBUG: VPSProtocol=3.00
Status=3DAUTH
StatusDetail=2007 : Please redirect your customer to the ACSURL, passing the MD and PaReq.
3DSecureStatus=OK
MD=201417044998397629812
ACSURL=https://www.securesuite.co.uk/rbs/tdsecure/opt_in_dispatcher.jsp?partner=m_n_nwc&VAA=B
PAReq=eJxVUstywjAMvPcrGO7FrxASRpjhcWhmSicFLj26jgop5IGTUPj72gEK9Um7ktfSWjA+ZfvOEU2VFvmoy3q0O5ZPsN4axPkKdWNQwgKrSm2wkyajLqfMYwPqeWEYiHDg8zBgvCshnizxIOGqJK1QjwO5QSth9FbltQSlD9PoTfY93md9IFcIGZpoLsOAUk6FoJcD5EJDrjKUsSlmaX1eoTmmGl/rBEjLgy6avDZnGXAfyA1AY/ZyW9flkJAcf56/VLW1rfR00Wt2BIhLA7n3FTcuqqzcKU3kd1WuQmqy3fu64Z/HCYk2xizVRzLdjIC4CkhUjbK1g3G/w8VQ+EPPttzyoDLXh3T+2CEvAEr3xuQx88iAddtgrm+D3BDgqSxytBXW0b8YEqy0XLl/idW5s4gj+7SjgNxHmb04w3XtrB0wzgUTA0FZEPR9Z32bcPKpNYz5NGj1HQDirpLrr5LrBtjo32b8AifeucM=
2014-11-26 23:29:09.000000 (1417044549.6365) DEBUG: VPSProtocol=3.00
Status=OK
StatusDetail=0000 : The Authorisation was Successful.
VPSTxId={4E5C5AFB-BEB3-1097-6194-8E20D55DD947}
SecurityKey=79KLZEQ8WE
TxAuthNo=1304213117
AVSCV2=ALL MATCH
AddressResult=MATCHED
PostCodeResult=MATCHED
CV2Result=MATCHED
CAVV=jNpZiS2ZE2/kARAqT/+j0oRe3pA=
3DSecureStatus=OK
DeclineCode=00
ExpiryDate=0816
BankAuthCode=093517
2014-11-27 21:20:06.000000 (1417123206.2981) DEBUG: VPSProtocol=3.00
Status=3DAUTH
StatusDetail=2007 : Please redirect your customer to the ACSURL, passing the MD and PaReq.
3DSecureStatus=OK
MD=201417123662302677928
ACSURL=https://www.securesuite.co.uk/rbs/tdsecure/pa.jsp?partner=debit_nw_visa&VAA=B
PAReq=eJxVUstywjAMvPcrGO5Fjk1JwggzFPpgeEwK/YGMI5pMIQHHofD3tQMp1Cftyl5JK+PwtNu2jqTLrMgHba/D2kP5gJ+pJpqsSVWaJC6oLOMvamXJoM2Z1/V8j4tejwvGe74f8qAtMRqt6CDxqiStUIcjNNBKaJXGuZEYq8PzdCm7oWffIlwh7khPJzIMGONMCHY5CBca83hHMtLFODPnNeljpmhuEoSaR1VUudFnGfAeQgOw0luZGrPvA+T087iJy9S20lFFp/oGBJdGuPUVVS4qrdwpS+Ti7VS8bj9ArGZiDy96PjqbzXG2nBg2QHA3MIkNydoOj/st7vW53+8KhJrHeOf6sGOGoR3yAnDvaozuM/cMWrc15aoZpEFIp32Rk71hHf2LMaFSybXbSxSfW4toaks7CuE2yvjdGa6Ms9Z/CplwqwsY5yJw1tcJJ59ZwzyfdWt9BxDcU7huFa4/wEb/fsYvWyi5Ew==
2014-11-27 21:20:24.000000 (1417123224.7425) DEBUG: VPSProtocol=3.00
Status=OK
StatusDetail=0000 : The Authorisation was Successful.
VPSTxId={2F7AFADD-0F54-29C8-7DED-ED29489CFEAD}
SecurityKey=3PJHY2ZSEA
TxAuthNo=1304711535
AVSCV2=SECURITY CODE MATCH ONLY
AddressResult=NOTMATCHED
PostCodeResult=NOTMATCHED
CV2Result=MATCHED
CAVV=AAABAlF4WAAAACcRiHhYAAAAAAA=
3DSecureStatus=OK
DeclineCode=00
ExpiryDate=0417
BankAuthCode=201136
2014-11-28 21:48:10.000000 (1417211290.0664) DEBUG: VPSProtocol=3.00
Status=3DAUTH
StatusDetail=2007 : Please redirect your customer to the ACSURL, passing the MD and PaReq.
3DSecureStatus=OK
MD=201417211748702791054
ACSURL=https://www.securesuite.co.uk/santander/tdsecure/pa.jsp?partner=santander.visa&VAA=B
PAReq=eJxVUttSwjAQffcrGN5tLi00YZYwoKPiiFMFPyCTrrYjtJCmCn9vUkA0T3vObk52TxYm+82694W2Ketq3GcR7U/UFawKi3i7RNNaVLDAptEf2CvzcZ9TlrCUM5YmIqU8lYwOkr6CbPqKOwUnJeWFIg7kDL2ENYWunAJtdrP5s0okG6YpkBOEDdr5rZKCUk7jmB4PkCMNld6gymx9U7rDEu1XafDJ5UA6HkzdVs4elOBDIGcArV2rwrntiJAKv6/fdVP4ViJTR+0nARLSQC59ZW2IGi+3L3O1rt9e6vu7GCubPOvHnft8me1isnrU0zGQUAG5dqg6OxgXPc5Gg8Fo4FvueNCb0IcaSin9kEcA2/DG9G/mLwPebYuVOQ9yRoD7bV2hr/CO/saQY2PUMvxLpg+9RTb3TwcKyGWUm4dguHHB2pRSIVMphkLyRLBgfZcI8qU3jAkad/oBAAlXyelXyWkDfPRvM34AoXa5aA==
2014-11-28 21:48:28.000000 (1417211308.5939) DEBUG: VPSProtocol=3.00
Status=OK
StatusDetail=0000 : The Authorisation was Successful.
VPSTxId={A611E4B3-08F7-B609-AC4A-DC978523500F}
SecurityKey=EFMTSMYHJ3
TxAuthNo=1305520344
AVSCV2=ALL MATCH
AddressResult=MATCHED
PostCodeResult=MATCHED
CV2Result=MATCHED
CAVV=AAABBVRxNgAAACcVQnE2AAAAAAA=
3DSecureStatus=OK
DeclineCode=00
ExpiryDate=0318
BankAuthCode=568564
2014-11-29 20:18:17.000000 (1417292297.8839) DEBUG: VPSProtocol=3.00
Status=3DAUTH
StatusDetail=2007 : Please redirect your customer to the ACSURL, passing the MD and PaReq.
3DSecureStatus=OK
MD=201417292758141807498
ACSURL=https://www.securesuite.co.uk/rbs/tdsecure/pa.jsp?partner=debit_nw_visa&VAA=B
PAReq=eJxVUttOwzAMfecrpr0zJ1m3NpOXCYYQkwBVlIvgLUoNrVjTkbaw/T1Jt3HJk8+xc2KfGBfbaj34JNeUtZ0P+YgNF+oE7wtHdJGR6RwpvKGm0W80KPP5UDAe8VhIEU8SHyUsjmQyVJie3dGHwoOS8kIjgXCEXsKZQttWoTYf56tbFUk+jWOEA8SK3OpCyYQxwcZjtj8Iexqtrkilrl6W7S4j91kaum5zhJ5HU3e2dTuViCnCEWDn1qpo280MwNLX6atuCt/KyNSj7h0QQhrht6+0C1Hj5bZlrpb8yYqXS37+uM2AW2FWtrjNKv28fpgjhArMdUuqt4MLORBsJiaziUToedRV6EN5pxI/5B7gJrxx9jfzl0HvtiNrjoMcEdJ2U1vyFd7RnxhzaozKwr+keje4SVf+6UAh/I6yvAqGmzZYG0sZSendlWIq43Gwvk8E+dIbxics6vUDQAhX4fCrcNgAH/3bjG85uLkD
2014-11-29 20:18:45.000000 (1417292325.0505) DEBUG: VPSProtocol=3.00
Status=OK
StatusDetail=0000 : The Authorisation was Successful.
VPSTxId={13DB3DEC-86A1-C06B-78DE-33DCA59D64AA}
SecurityKey=LPXLDMMF1A
TxAuthNo=1305909674
AVSCV2=ALL MATCH
AddressResult=MATCHED
PostCodeResult=MATCHED
CV2Result=MATCHED
CAVV=AAABBohTMgAAACcXVlMyAAAAAAA=
3DSecureStatus=OK
DeclineCode=00
ExpiryDate=0415
BankAuthCode=607914
2014-11-30 23:02:28.000000 (1417388548.9391) DEBUG: VPSProtocol=3.00
Status=3DAUTH
StatusDetail=2007 : Please redirect your customer to the ACSURL, passing the MD and PaReq.
3DSecureStatus=OK
MD=201417389012796917851
ACSURL=https://www.clicksafe.lloydstsb.com/lloyds/tdsecure/opt_in_dispatcher.jsp?partner=debit&VAA=B
PAReq=eJxVUk1TwjAQvfsrOtxtkqb0g1nCIBxAhamCB46ddJUqtJCmCP56k0IFc9r3dvOy+7IwOG43zgFVlZdFv8Nc2hmIO1iuFeJ4gbJWKGCGVZV+oJNn/Y5Hmc9CHsWUeWEcxCyMuqwjIBm+4l7ARUkYIdcD0kIjoeQ6LbSAVO4fpnPhxywIQyAXCFtU07GII0o9yjk9HyBnGop0iyJR5SjXpwWqQy7xWWdAGh5kWRdanUTkBUBaALXaiLXWux4hBX7fv6fV2rTiytKtvwgQmwZy7SupbVQZuWOeif2CDflLkrH5+Cd8+jy+Favl6nESxdrvA7EVkKUaRWMH49TxeI/RHuNAGh7Sre3DjBnHZsgzgJ19Y3ibuWXAuK2wkO0gLQI87soCTYVx9C+GDCspFvZfkvTkzJKpedpSQK6jjCbWcKmttWHEeTeKWED9Lue+tb5JWPncGMZCGjT6FgCxV8nlV8llA0z0bzN+AQa0uMI=
2014-11-30 23:03:10.000000 (1417388590.7084) DEBUG: VPSProtocol=3.00
Status=OK
StatusDetail=0000 : The Authorisation was Successful.
VPSTxId={9BC13E25-8ECB-E9D2-7D78-B62A4F40D0C3}
SecurityKey=FDFHW2D20L
TxAuthNo=1306419725
AVSCV2=ALL MATCH
AddressResult=MATCHED
PostCodeResult=MATCHED
CV2Result=MATCHED
3DSecureStatus=NOTAUTHED
DeclineCode=00
ExpiryDate=0617
BankAuthCode=001732
2014-12-01 18:58:27.000000 (1417460307.0867) DEBUG: VPSProtocol=3.00
Status=3DAUTH
StatusDetail=2007 : Please redirect your customer to the ACSURL, passing the MD and PaReq.
3DSecureStatus=OK
MD=201417460770787961088
ACSURL=https://secure5.arcot.com/acspage/cap?RID=8204&VAA=B
PAReq=eJxVUttSwjAQffcrGN4lScFemG2YCjogF4vgKL6VdJGO9ELacvl7kwKCecjsOdk5u3s20DnEm9oOZR6liVtnDVrv8DuYryVib4ailMhhjHkefGMtCt26QVmLWS2TWha1bMsxGbXtOgffe8Mth7MSV0INA8gFKgkp1kFScAjE9nEw4S2HmZYF5AwhRjnoccem1KDNJj0dICcakiBG7su0GxXHGcpdJHBUhEAqHkRaJoU8ctswgVwAlHLD10WRtQlJcH+/CvK1aqUh0kb5Q4DoZyDXvvxSR7mSO0Qh//JejNF7SkNrcLA33vMKs6H5tMmG/YULRGdAGBTIKzvUVWNOm5ptxoBUPASx7oM3HcdRQ54AZLqGd/tyy4ByW2IiLoNcEOAhSxNUGcrRvxhCzAWf6b34wbE29geqtKaAXEfp9rXholAeLj/37KMZO/OJafj4uhWT5cLbC8+bTl29hipJl4qUeeyBmlUtDYBoGXLeMDn/BhX9+yW/k/G+lw==
2014-12-01 18:58:59.000000 (1417460339.5391) DEBUG: VPSProtocol=3.00
Status=OK
StatusDetail=0000 : The Authorisation was Successful.
VPSTxId={2DA760DA-9259-B44C-71FD-3BDB54208E70}
SecurityKey=7ECFIFIXR6
TxAuthNo=1307086023
AVSCV2=ALL MATCH
AddressResult=MATCHED
PostCodeResult=MATCHED
CV2Result=MATCHED
CAVV=AAABAScZgoY4IQWTZRmCEFYBfR0=
3DSecureStatus=OK
DeclineCode=00
ExpiryDate=0615
BankAuthCode=000105
2014-12-01 20:25:44.000000 (1417465544.6031) DEBUG: VPSProtocol=3.00
Status=OK
StatusDetail=0000 : The Authorisation was Successful.
VPSTxId={A6AA2EF3-8C5E-70FE-4141-BD76EBBFDE81}
SecurityKey=QYNHEECNO6
TxAuthNo=1307145947
AVSCV2=SECURITY CODE MATCH ONLY
AddressResult=NOTCHECKED
PostCodeResult=NOTCHECKED
CV2Result=MATCHED
3DSecureStatus=NOTCHECKED
DeclineCode=00
ExpiryDate=1216
BankAuthCode=132053
2014-12-02 17:00:59.000000 (1417539659.7638) DEBUG: VPSProtocol=3.00
Status=INVALID
StatusDetail=4021 : The Card Range not supported by the system.
2014-12-02 17:02:29.000000 (1417539749.13) DEBUG: VPSProtocol=3.00
Status=3DAUTH
StatusDetail=2007 : Please redirect your customer to the ACSURL, passing the MD and PaReq.
3DSecureStatus=OK
MD=2014175402138471026661
ACSURL=https://www.clicksafe.lloydstsb.com/lloyds/tdsecure/opt_in_dispatcher.jsp?partner=debit&VAA=B
PAReq=eJxVUtuOgjAQfd+vILwvbQEBzVjjanbXeAlZTfaZlFHIysUCXv5+W4TVbdJkzpn2zMxpYXLNjsYZZZUW+dhkFjUn/AV2iUScb1E0EjmssaqiAxppPDZtylzmD1xqMydwfUZtz/OYySGcfuGJQyfFlZJlA+mh0pAiifKaQyROb4sNd4fM830gHYQM5WLOhwGlNnUcel9A7jTkUYY8lMUsrW9blOdU4KqOgbQ8iKLJa3njge0B6QE08siTui5HhOR4ed1HVaJasURhNT8EiE4DefQVNjqqlNw1jXmJG7paHvanD5l5l+/9e3JcxuGg2mWXMRB9AuKoRt76YVPbYP6I0REbAGl5iDLdB3faKToApa4xfc48M6DslpiLfpAeAV7LIkd1Qjn6F0OMleBb/TBhdDPW4UKV1hSQxyizT224qFtrHcrU9l0WeL7jauvbhJZPlWHMp06rrwEQfZV0r0q6L6Cif1/jF3A6udE=
2014-12-02 17:02:37.000000 (1417539757.5278) DEBUG: VPSProtocol=3.00
Status=OK
StatusDetail=0000 : The Authorisation was Successful.
VPSTxId={31EE514C-02A7-DF9B-622F-14709007674F}
SecurityKey=MI5KBBKUTH
TxAuthNo=1307702362
AVSCV2=SECURITY CODE MATCH ONLY
AddressResult=NOTMATCHED
PostCodeResult=MATCHED
CV2Result=MATCHED
CAVV=AAABCAMIiQAAACckNgiJAAAAAAA=
3DSecureStatus=OK
DeclineCode=00
ExpiryDate=0317
BankAuthCode=002868
2014-12-03 16:06:30.000000 (1417622790.1697) DEBUG: VPSProtocol=3.00
Status=3DAUTH
StatusDetail=2007 : Please redirect your customer to the ACSURL, passing the MD and PaReq.
3DSecureStatus=OK
MD=2014176232581131109872
ACSURL=https://www.securesuite.co.uk/nationwide/tdsecure/opt_in_dispatcher.jsp?partner=nationwide_visa&VAA=B
PAReq=eJxVUstOwzAQvPMVVa+Ibuy8q61RKQcCFCICQhwtZ6FRadI6CbR/j90kFHzambVnx2Pj5X7zOfoiXRdVORuziTO+FGf4vNJE1xmpVpPAJdW1/KBRkc/G3GEeCwPucj9izGXMiaOQjwWm8yfaCeylhFGacIQBGg2tVrJsBEq1u0oehBezIAwReogb0sm1iCPH4Y7rOt1C6Ggs5YZEqqtF0Rwy0l+FovsmRzjyqKq2bPRBRDxAGAC2+lOsmmY7BSjp++Jd1itjZaKqSbsGBNtGOPlKW1vVRm5f5ALe/K0blq8vybwK786j4jFL5Pp2kfnrGYLdgblsSBzzMI5HLJgyb8pihCOPcmN9CO7FhuoBbu2M+d/OXwZN3JpKNVxkQEj7bVWSPYPwW2NOtRKZfZhUHkbLNDGjLYVwusrixgaumi5aFgUxjxnz/Ni3rrqGlS9MYCxgnb4FCPYo9K8K/Rcw1b+v8QP7O7iR
2014-12-03 16:06:38.000000 (1417622798.5746) DEBUG: VPSProtocol=3.00
Status=OK
StatusDetail=0000 : The Authorisation was Successful.
VPSTxId={5AF03872-7946-83D8-DF31-854ABAE58284}
SecurityKey=WF2GOMW6VF
TxAuthNo=1308241309
AVSCV2=ALL MATCH
AddressResult=MATCHED
PostCodeResult=MATCHED
CV2Result=MATCHED
CAVV=AAABBBlUUgAAACcmR1RSAAAAAAA=
3DSecureStatus=OK
DeclineCode=00
ExpiryDate=1216
BankAuthCode=027521
2014-12-04 11:57:51.000000 (1417694271.8712) DEBUG: VPSProtocol=3.00
Status=3DAUTH
StatusDetail=2007 : Please redirect your customer to the ACSURL, passing the MD and PaReq.
3DSecureStatus=OK
MD=2014176947386971123948
ACSURL=https://www.securesuite.co.uk/hbos/tdsecure/opt_in_dispatcher.jsp?partner=hx_vdc&VAA=B
PAReq=eJxVUk1TwjAQvfsrGK6OJE0/wyxhKjgjCtgRTt466Wo70hbSVqm/3qQUwZz2vd287L4sTI/5bvCFqsrKYjK0RnQ4FTewTRXifIOyUShghVUVf+AgSyZDRi3H8j3u+Hbgcd+ymM2dYCggCl/xIKCXElppxICcodZQMo2LWkAsD/eLtXC45fk+kB5CjmoxFzyglFHbpqcD5ERDEecoIlXOsrrdoPrKJC7rBEjHgyybolatCJgH5AygUTuR1vV+TEiB33fvcZXqVkayHDWfBIhJA7n0FTUmqrTcMUvELX9xfkKslu1y/YBt9rx/2vKwTbdv5QSIqYAkrlF0fjDqDCw2pu7Y5kA6HuLc9KHH5JrqAezNG+F15poBbbfCQp4HOSPA474sUFdoR/9iSLCSYmM+JorbwSpa6KcNBeQyyuzRGC7rzlqXUt91mesFgesxY32XMPKZNszyaNDpGwDEXCX9r5J+BXT0bzV+AVtxucE=
2014-12-04 12:26:49.000000 (1417696009.9857) DEBUG: VPSProtocol=3.00
Status=3DAUTH
StatusDetail=2007 : Please redirect your customer to the ACSURL, passing the MD and PaReq.
3DSecureStatus=OK
MD=2014176964796411155964
ACSURL=https://www.securesuite.co.uk/hbos/tdsecure/opt_in_dispatcher.jsp?partner=hx_vdc&VAA=B
PAReq=eJxVUtluwjAQfO9XIF6rxkdCDrQYcUgFWqqo9HiOnG1JAw5xkhb+vnaAQi1F3pl1xruzhuF+u+l8o66yQg26zKHdobiBl7VGnK5QNhoFLLGqkk/sZOmgyynzWOBHvheYjzHW65m9KyAePWMp4CQljJLDgZyh0dBynahaQCLL8fxJeBHzgwDICcIW9XwqopBSTl2XHheQIw0q2aKIdTHJ6sMK9Xcm8bFOgbQ8yKJRtT6IkPtAzgAavRHrut71CVH4c/eRVGtTiiMLp8kJEJsGcqkrbmxUGbl9lgq6oIF6fSt3uKoeynJM3if3X4v8Np/lAyD2BKRJjaL1g1Ovw3jf9fqeKbnlIdnaOkybUWSaPALY2TtG15lrBozdGpU8N3JGgPtdodCcMI7+xZBiJcXKDiZODp1lPDdXWwrIpZXJzBou69Za3uOhxyg3Q/Nc11rfJqx8ZgxjPg1bfQuA2F/Jaark9ARM9O9p/AL6ZLlX
2014-12-04 12:27:00.000000 (1417696020.4471) DEBUG: VPSProtocol=3.00
Status=OK
StatusDetail=0000 : The Authorisation was Successful.
VPSTxId={50018133-ACF8-E05F-61E2-FD475D7BC229}
SecurityKey=WCCJIDJGKG
TxAuthNo=1308643300
AVSCV2=SECURITY CODE MATCH ONLY
AddressResult=NOTMATCHED
PostCodeResult=MATCHED
CV2Result=MATCHED
CAVV=AAABBIlIBAAAACcoFUgEAAAAAAA=
3DSecureStatus=OK
DeclineCode=00
ExpiryDate=0816
BankAuthCode=004090
2014-12-10 09:45:16.000000 (1418204716.7232) DEBUG: VPSProtocol=3.00
Status=3DAUTH
StatusDetail=2007 : Please redirect your customer to the ACSURL, passing the MD and PaReq.
3DSecureStatus=OK
MD=2014182051950901438446
ACSURL=https://www.securesuite.co.uk/rbs/tdsecure/pa.jsp?partner=debit_nw_visa&VAA=B
PAReq=eJxVUstywjAMvPcrGO7FjzyIGWGGwgFmWiaUnnrzOGoJkASchEe/vnYghfqkXVlraS0YnbNd54imTIt82GU92h3JJ/hYG8TpCnVtUMIblqX6xk6aDLucMp9FnAZMBFRY4EW+H3YlxON3PEi4SUmr1ONAWmg1jF6rvJKg9OFlvpC+YGG/D+QGIUMzn0oRUcqp59HrAXKlIVcZytgUk7S6rNAcU42vVQKk4UEXdV6Zi4x4CKQFUJudXFfVfkBIjqfnL1WubSs9XfTqLQHi0kDufcW1i0ord04TGWyKiPcXM66C02I5/jnF22xcf2abpR4CcTcgURXKxg/OaIeKQeANmG2g4UFlrg/JfSHskFcAe/fG+DHzyIC122Cu20FaBHjeFzm6GiB/MSRYarlyHxOrS+ctntunHQXkPspk5gzXVWMt96kIA8ajPgtCz1nfJJx8ag1jIRWNvgNAXCm5/Sq5rYCN/q3GL/mQuXk=
2014-12-10 09:45:28.000000 (1418204728.3112) DEBUG: VPSProtocol=3.00
Status=OK
StatusDetail=0000 : The Authorisation was Successful.
VPSTxId={251B7F10-8339-CFBA-C1E0-3CAE07E256F2}
SecurityKey=3JTFCNVCCA
TxAuthNo=1311497303
AVSCV2=ALL MATCH
AddressResult=MATCHED
PostCodeResult=MATCHED
CV2Result=MATCHED
CAVV=AAABBChyaQAAACdAMXJpAAAAAAA=
3DSecureStatus=OK
DeclineCode=00
ExpiryDate=0916
BankAuthCode=115186
2014-12-11 10:58:19.000000 (1418295499.2213) DEBUG: VPSProtocol=3.00
Status=3DAUTH
StatusDetail=2007 : Please redirect your customer to the ACSURL, passing the MD and PaReq.
3DSecureStatus=OK
MD=2014182959772911500040
ACSURL=https://www.securesuite.co.uk/rbs/tdsecure/pa.jsp?partner=debit_nw_visa&VAA=B
PAReq=eJxVUtluwjAQfO9XoLwXH+REixGFSo1UaFT6A5azlLQkAcfh6NfXDlCoH6ydWXt2d2wYH8tNb4+6Kepq5LE+9cbiAT7WGnG2RNVqFDDHppGf2Cvykccp81nMkyCJIp4wFlBKfeoJyCbvuBNwkRJWqc+BXKHV0GotKyNAqt1TuhB+wsIoAnKBUKJOZyKJKeV0MKDnBeRMQyVLFJmup4U5LVHvC4WvJgfS8aDqtjL6JGIeArkCaPVGrI3ZDgmp8PC4ks3attJXdb/9JkBcGsitr6x1UWPljkUusrI2Xyu/mbfmjac/OJkstgE7SLV8HgFxJyCXBkXnB2esx9iQhkMWA+l4kKXrQ/h+ktghzwC2rsbkPnPPgLVbY6Wug1wR4HFbV2hPWEf/YsixUWLpHiaTp948S21pRwG5jTJ9cYYr01kb+DFlYRgw324DZ32XcPKFNYxFNO70HQDirpLLq5LLF7DRv6/xC2V9uc8=
2014-12-11 10:58:47.000000 (1418295527.7801) DEBUG: VPSProtocol=3.00
Status=OK
StatusDetail=0000 : The Authorisation was Successful.
VPSTxId={52CFD92E-1B0D-E7F5-8E85-CEB9CB84D567}
SecurityKey=F74QATS66I
TxAuthNo=1312099252
AVSCV2=SECURITY CODE MATCH ONLY
AddressResult=NOTMATCHED
PostCodeResult=MATCHED
CV2Result=MATCHED
CAVV=AAABBmlhQwAAACdCWGFDAAAAAAA=
3DSecureStatus=OK
DeclineCode=00
ExpiryDate=0817
BankAuthCode=335119
2014-12-12 16:29:32.000000 (1418401772.3448) DEBUG: VPSProtocol=3.00
Status=3DAUTH
StatusDetail=2007 : Please redirect your customer to the ACSURL, passing the MD and PaReq.
3DSecureStatus=OK
MD=2014184022539941604977
ACSURL=https://www.securesuite.co.uk/nationwide/tdsecure/opt_in_dispatcher.jsp?partner=natp&VAA=B
PAReq=eJxVUttSwjAQffcrGN4ll6aXMEsYhFGZEaaKA881XaEjtJimCn9vUkAxT3vObk52TxaGh92284WmLqpy0GU92h2qG3jdGMTJAnVjUMEM6zpbY6fIB11OmWCJoJyHgZSCRVTIOO4qSEcv+KngLKWcUo8DuUCnYfQmK62CTH/eTedKSBbFMZAzhB2a6UTJhFJOg4CeDpATDWW2Q5WaalzY4wLNV6HxyeZAWh501ZTWHFXCIyAXAI3Zqo21+z4hJX7fvmf1xrXS01Wv+SBAfBrIX19p46PayR2KXNXz1f1S1vYoGa/sw3r1trbjZr6cfT8PgPgKyDOLqvWDM95hUT+I+0EIpOUh2/k+lOAycUOeAOz9G6PrzDUDzm6Dpb4MckGAh31Voqtwjv7GkGOt1cJ/TJodO7N06p72FJC/UcaP3nBtW2t5IkMhQhokYZgIb32b8PKFM4xJGrX6HgDxV8n5V8l5BVz0bzV+AIv0ufc=
2014-12-12 16:29:39.000000 (1418401779.5211) DEBUG: VPSProtocol=3.00
Status=OK
StatusDetail=0000 : The Authorisation was Successful.
VPSTxId={C5A830DC-942A-18AE-1690-1B2982EB00BE}
SecurityKey=J4ZK4QZUYH
TxAuthNo=1312856193
AVSCV2=ALL MATCH
AddressResult=MATCHED
PostCodeResult=MATCHED
CV2Result=MATCHED
CAVV=AAABAIBCYAAAACdFQkJgAAAAAAA=
3DSecureStatus=OK
DeclineCode=00
ExpiryDate=0619
BankAuthCode=430737
2014-12-16 13:00:26.000000 (1418734826.7591) DEBUG: VPSProtocol=3.00
Status=3DAUTH
StatusDetail=2007 : Please redirect your customer to the ACSURL, passing the MD and PaReq.
3DSecureStatus=OK
MD=2014187353143991833561
ACSURL=https://www.securesuite.co.uk/rbs/tdsecure/pa.jsp?partner=debit_nw_visa&VAA=B
PAReq=eJxVUk1TwjAQvfsrGO42SdOWllnCIDgjjmhH8OCxpIt0pB+kKR//3qQFxZz2vd287L4sjE/5rndAVWdlMeozh/bH4g5WW4U4W6JsFApYYF0nX9jL0lHfpcxj4YD7nHk8iljIuR+wvoB48o57ARcpYZQcF8gVGg0lt0mhBSRy/zB/FV7EgsEAyAVCjmo+E1FIqUs5p90B0tFQJDmKWJXTTJ+XqA6ZxBedAml5kGVTaHUWoRsAuQJo1E5sta6GhBR4vN8k9da04sjSab4JEJsG8tdX3NioNnKnLBW7pV5vHnWxf/t8jlYztljnx4+qrJgsR0BsBaSJRtH64bKgx/iQhkPuA2l5SHLbh/DcKDRDdgAq+8bkNnPLgLFbYSGvg1wR4KkqCzQVxtHfGFKspVjaj4mTc28Rz83TlgLyN8r0yRoudWutH7qRyz1Kg8gE1vo2YeUzYxgb0E7fAiD2Krn8KrmsgIn+rcYP0Ey6KA==
2014-12-16 13:01:01.000000 (1418734861.6435) DEBUG: VPSProtocol=3.00
Status=OK
StatusDetail=0000 : The Authorisation was Successful.
VPSTxId={A0DBDCD2-3C28-2948-307C-C6A41BCE5754}
SecurityKey=BSFWQGOECN
TxAuthNo=1314551538
AVSCV2=ALL MATCH
AddressResult=MATCHED
PostCodeResult=MATCHED
CV2Result=MATCHED
CAVV=AAABCCNZKQAAACdTAVkpAAAAAAA=
3DSecureStatus=OK
DeclineCode=00
ExpiryDate=0217
BankAuthCode=446057
2014-12-16 22:23:25.000000 (1418768605.2538) DEBUG: VPSProtocol=3.00
Status=3DAUTH
StatusDetail=2007 : Please redirect your customer to the ACSURL, passing the MD and PaReq.
3DSecureStatus=OK
MD=2014187690933031809086
ACSURL=https://tsys.arcot.com/acspage/cap?RID=23917&VAA=B
PAReq=eJxVUttSwjAQffcrGN5lkxRqyyxhUBxkRrSKeHms6Qod6MX0Ivj1JgUU87Tn7M7Z3bPB4TbZtGrSRZylgzbvsPZQnuHTShON56QqTRJnVBThklpxNGgLxrvcu3B95jsOc7jHfOa5bYnB6JE+JR6kpFHqCIQjNBparcK0lBiqz8vpnex1RY/3EA4QE9LTsfQ9xgQzyvuHsKcxDROSgc6u4nI3J13Him7LCKHhUWVVWuqd9ISLcARY6Y1clWXeB0jp6/wjLFZmlI7KOtUaEGwa4W+uoLJRYeS2cSTf4230ENevi+XzZJEXixRGd98vEZ9N1gMEW4FRWJJs/BDcbQnRd3jf6SI0PIaJnUO6wvfMknuAue0xOs2cMmjs1pSq4yJHhLTNs5RMhXH0N8aICiXn9jBBuGvNgqlpbSmEv1WubqzhqjQe1pWYXd/cj5+Sez//XivncbepR8vJ5dfbwJ6hKbKtYmMed9lF08sCBCsDhwvD4TuY6N83+QFIgcBg
2014-12-16 22:23:43.000000 (1418768623.3602) DEBUG: VPSProtocol=3.00
Status=OK
StatusDetail=0000 : The Authorisation was Successful.
VPSTxId={692CD1DC-892E-311E-28D8-A103B19177C4}
SecurityKey=W9EVT37GIK
TxAuthNo=1314840323
AVSCV2=ALL MATCH
AddressResult=MATCHED
PostCodeResult=MATCHED
CV2Result=MATCHED
CAVV=jNpZiS2ZE2/kCBEAAAhKBwMAAAA=
3DSecureStatus=OK
DeclineCode=00
ExpiryDate=0716
BankAuthCode=045529
2014-12-17 16:56:50.000000 (1418835410.2497) DEBUG: VPSProtocol=3.00
Status=3DAUTH
StatusDetail=2007 : Please redirect your customer to the ACSURL, passing the MD and PaReq.
3DSecureStatus=OK
MD=2014188358979761863349
ACSURL=https://www.securesuite.co.uk/nationwide/tdsecure/opt_in_dispatcher.jsp?partner=natp&VAA=B
PAReq=eJxVUttygjAQfe9XOL52SgjhFmeNY3WmpVMto/0BJmyFqQIGsPr3TRCqzdOes5uT3ZOF2fmwH51Q1XlZTMfUsscz8QCfmUJcblG2CgWssK6THY7ydDp2bOrSMGReyAMe+DT0GXP5WEA83+BRQC8ltJLlABmg1lAyS4pGQCKPz9FauJz6QQCkh3BAFS0FD23bsRmzrwfIlYYiOaCIVbnIm8sW1SmX+N6kQDoeZNkWjbqI0PGBDABatRdZ01QTQgr8efpK6ky3YsnSar8JEJMGcusrbk1Ua7lznorFYv3CVhGbc79S2X5TfbxlMmOP7Xo3BWIqIE0aFJ0fDg1GNJjY7sTjQDoekoPpQ7gOD/WQVwCVeWN+n7lnQNutsJDDIAMCPFdlgbpCO/oXQ4q1FFvzMXFyGa3iSD9tKCC3URavxnDZdNZ61GOMccf3Ax0a67uEkc+1YTS0vU7fACDmKul/lfQroKN/q/ELtv25Hg==
2014-12-17 16:56:57.000000 (1418835417.1246) DEBUG: VPSProtocol=3.00
Status=OK
StatusDetail=0000 : The Authorisation was Successful.
VPSTxId={F1773632-70C0-CC13-D9D8-A2F8F43A7ABD}
SecurityKey=MODVX9G33T
TxAuthNo=1315238926
AVSCV2=ALL MATCH
AddressResult=MATCHED
PostCodeResult=MATCHED
CV2Result=MATCHED
CAVV=AAABAZJAVAAAACdVVkBUAAAAAAA=
3DSecureStatus=OK
DeclineCode=00
ExpiryDate=0518
BankAuthCode=803248
2014-12-19 10:26:27.000000 (1418984787.6924) DEBUG: VPSProtocol=3.00
Status=3DAUTH
StatusDetail=2007 : Please redirect your customer to the ACSURL, passing the MD and PaReq.
3DSecureStatus=OK
MD=2014189852807291950038
ACSURL=https://cap.securecode.com/acspage/cap?RID=2157&VAA=A
PAReq=eJxVUtFuwjAMfN9XIF6n4aSUkSKTia1MqzS2svIDXerRCmghbaH8/ZICY+TJd7bO9jn41GzWnT3pMivycZf3WPdJ3uEi1UR+RKrWJHFGZRkvqZMl467DuMuFJwaOYEPH496Asb7oSgwnX7STeJaSRqnnIFyg0dAqjfNKYqx2z8GHdD3+OBwinCFuSAe+9ARjDuv32ekhnGjM4w3JUBcvWXWMSO8zRe9VgtDyqIo6r/RRCucR4QKw1muZVtV2BJDT4eEnLlMzSk8VvXoFCDaNcJ0rrG1UGrkmS+ROfUZu6i9WTq0Pc8G/t8Wq4fc+Fcsxgq3AJK5Itn443OtwNuq7I5cjtDzGGzuH5GzgeWbLE8KtbTK5Sf2n0BiuKVeXVS4IqdkWOZkK4+lfjAmVSkb2NGF87MzCwDS3FMJ1mZc3a7mqjIu+WAfThYLovXZnX6IJXvPsdTKdPi/nY3uItsi2yox9fMh428sCBCsD5xvD+UOY6Oaj/AL1Jr96
2014-12-19 10:27:29.000000 (1418984849.4854) DEBUG: VPSProtocol=3.00
Status=OK
StatusDetail=0000 : The Authorisation was Successful.
VPSTxId={78D49489-7778-3ED7-7C9C-CC5D113B3784}
SecurityKey=RMEYKIZG0D
TxAuthNo=1315999714
AVSCV2=SECURITY CODE MATCH ONLY
AddressResult=NOTCHECKED
PostCodeResult=NOTCHECKED
CV2Result=MATCHED
CAVV=BwABCFYnEiMHEyKEVScSAAAAAAA=
3DSecureStatus=ATTEMPTONLY
DeclineCode=00
ExpiryDate=0117
BankAuthCode=658784
2014-12-19 18:50:08.000000 (1419015008.6408) DEBUG: VPSProtocol=3.00
Status=3DAUTH
StatusDetail=2007 : Please redirect your customer to the ACSURL, passing the MD and PaReq.
3DSecureStatus=OK
MD=2014190155017802008573
ACSURL=https://secure.barclaycard.co.uk/barclays/tdsecure/pa.jsp?partner=barclaycard.visa&VAA=B
PAReq=eJxVUstuwjAQvPcrENeq+BFCbLQYUUAtUmlD6YVj5GybCEjASXj8fe0QCvVpZ3Y93h0vDE/bTeuApkjzbNBmHdoeqgf4SgziZIm6MqhgjkUR/WArjQdtTlmXScp8n7JAUE6p8AOvrSAcfeJeQSOlrFKHA7lCq2F0EmWlgkjvn2fvqitZLwiANBC2aGYTJQW1mp5HLwfIhYYs2qIKTT5Oy/MSzSHV+FbGQGoedF5lpTkrwXtArgAqs1FJWe76hGR4fPqOisS20tF5p1oTIC4N5NZXWLmosHKnNFY7ESRTMc1xlfLVWh9nfPFx3jyu/JfFAIirgDgqUdV+cCZbTPR90ecekJqHaOv6UD0uhR3yAmDn3hjdZ+4ZsHYbzPR1kCsCPO3yDG2FdfQvhhgLrZbuY8Lo3JqHM/u0o4DcRhm/OsN1WVvb40IKn3WlFJ70nfV1wsmn1jAWUL/WdwCIu0qaXyXNCtjo32r8AqcGuT8=
2014-12-19 18:53:44.000000 (1419015224.3686) DEBUG: VPSProtocol=3.00
Status=OK
StatusDetail=0000 : The Authorisation was Successful.
VPSTxId={E0E08824-9B79-68D3-C1B2-D63AA34C4A41}
SecurityKey=2ZMDY0DGMS
TxAuthNo=1316256479
AVSCV2=ALL MATCH
AddressResult=MATCHED
PostCodeResult=MATCHED
CV2Result=MATCHED
CAVV=AAACBTQlhAAAACdgASWEAAAAAAA=
3DSecureStatus=OK
DeclineCode=00
ExpiryDate=0517
BankAuthCode=011536
2014-12-21 10:17:07.000000 (1419157027.7016) DEBUG: VPSProtocol=3.00
Status=OK
StatusDetail=0000 : The Authorisation was Successful.
VPSTxId={29F807BB-94CA-FD80-31F5-6697E07F0A7A}
SecurityKey=8HAJ6WBPHV
TxAuthNo=1316621213
AVSCV2=SECURITY CODE MATCH ONLY
AddressResult=NOTCHECKED
PostCodeResult=NOTCHECKED
CV2Result=MATCHED
3DSecureStatus=NOTCHECKED
DeclineCode=00
ExpiryDate=1117
BankAuthCode=011758
2014-12-21 21:45:16.000000 (1419198316.7143) DEBUG: VPSProtocol=3.00
Status=3DAUTH
StatusDetail=2007 : Please redirect your customer to the ACSURL, passing the MD and PaReq.
3DSecureStatus=OK
MD=2014191988125762034231
ACSURL=https://verifiedbyvisa.barclays.co.uk/barclays/tdsecure/opt_in_dispatcher.jsp?partner=debit.visa&VAA=B
PAReq=eJxVUsFuwjAMve8rEPfhJqVtikwQA02gja2CaRPHKvWgAlpI2wF/v6SUwXLye3Ze7Bfj4LTbtn5IF2me9dus47QH8gE/1ppovCBVaZI4o6KIV9RKk36bO6zLQhYKwbgX+Nxxu9xlbYnRcE4HiY2UNEodjnCFRkOrdZyVEmN1eJq+yW7I/CBAaCDuSE/HMhSOYzRd53IQLjRm8Y5kpPNRWp4XpH9SRa9lglDzqPIqK/VZCu4jXAFWeivXZbnvAWR0fPyOi7VppaPyTrUBBJtGuPUVVTYqjNwpTaQ+Ou8wJd8TX8viOJsUL5/P1SZczY/LPoKtwCQuSdZ+cM5anPU8t+e6CDWP8c72IT0eCjPkBeDevjG8z9wzaOzWlKnrIFeEdNrnGZkK4+hfjAkVSi7sx0TxuTWLpuZpSyHcRhlNrOGqrK11/UD4TIQi4J4IrfV1wsqnxjAWOF6tbwGCvQrNr0KzAib6txq//865ig==
2014-12-21 21:45:23.000000 (1419198323.241) DEBUG: VPSProtocol=3.00
Status=OK
StatusDetail=0000 : The Authorisation was Successful.
VPSTxId={A792D81B-AE81-6771-92AF-096C71851390}
SecurityKey=XEODGVWCRB
TxAuthNo=1316775807
AVSCV2=ALL MATCH
AddressResult=MATCHED
PostCodeResult=MATCHED
CV2Result=MATCHED
CAVV=AAACABkBQQAAACdjUAFBAAAAAAA=
3DSecureStatus=OK
DeclineCode=00
ExpiryDate=0517
BankAuthCode=034082
2014-12-21 22:31:39.000000 (1419201099.3111) DEBUG: VPSProtocol=3.00
Status=3DAUTH
StatusDetail=2007 : Please redirect your customer to the ACSURL, passing the MD and PaReq.
3DSecureStatus=OK
MD=2014192015949202074836
ACSURL=https://www.securesuite.co.uk/alliance-leicester/tdsecure/pa.jsp?partner=retail&VAA=B
PAReq=eJxVUsFygjAQvfcrHO41JCASZ41jta1MRal2pmcmbCujggaw+PdNEKvNIdn3NnnZfQmM6v2uc0JVpHk2tGjXtkbiAT42CnG6RlkpFBBiUcTf2EmTocVs6lKu5x539cLsvus7niUgGq/wKKCVElqpy4BcodZQchNnpYBYHp+ChXA59fp9IC2EPapgKrhva03HsS8DyIWGLN6jiFQ+ScvzGtUplTgvEyANDzKvslKdhc88IFcAldqJTVkeBoRk+PP4FRcbXUpX5t1qS4CYNJBbXVFlokLL1WkiQibnb2o5W4RBupq/09fP2i9mz8viZTsEYnZAEpcoGj8Yox3GBg4f9HQBDQ/x3tQhGOdcN3kBcDB3jO8z9wxouxVm8trIFQHWhzxDcwbIXwwJFlKszcNE8bkTRoG+2lBAbq1MZsZwWTbWUo/6fc9xXc+nNjPWNwkjn2rDqG/zRt8AIOYoaV+VtF9AR/++xi+d2Lki
2014-12-21 22:32:09.000000 (1419201129.0846) DEBUG: VPSProtocol=3.00
Status=OK
StatusDetail=0000 : The Authorisation was Successful.
VPSTxId={65A94A32-5C58-1530-4EA6-DC76BFB4D6B1}
SecurityKey=X5F7RDDYRN
TxAuthNo=1316784996
AVSCV2=ALL MATCH
AddressResult=MATCHED
PostCodeResult=MATCHED
CV2Result=MATCHED
CAVV=AAABCCg5OQAAACdjVjk5AAAAAAA=
3DSecureStatus=OK
DeclineCode=00
ExpiryDate=0918
BankAuthCode=426640
2014-12-24 15:41:10.000000 (1419435670.7257) DEBUG: VPSProtocol=3.00
Status=3DAUTH
StatusDetail=2007 : Please redirect your customer to the ACSURL, passing the MD and PaReq.
3DSecureStatus=OK
MD=2014194361712352119507
ACSURL=https://www.securesuite.co.uk/nationwide/tdsecure/opt_in_dispatcher.jsp?partner=natp&VAA=B
PAReq=eJxVUttSwjAQffcrGN4ll7aUMksYhFFRcDqijq+ddKEdaAtpi+XvTXoRzNOes8nZ3bOBaZUcemdUeZylkz4b0P5U3MFHpBAXG5SlQgFrzPNgh704nPQ5ZTbzbGvIXMYthzPmOdTtC/Bn73gS0EoJrTTgQDqoNZSMgrQQEMjTw/JN2B4bui6QFkKCarkQ3ohSTi2LNgdIQ0MaJCh8lc3j4rJBdY4lrooQSM2DzMq0UBcx4kMgHYBSHURUFMcxISn+3G+DPNKtDGQ2KPcEiEkDufbllybKtVwVh2L+Sncvi+9hVWXbx6fV57k8M7nhyfZrPwFibkAYFChqPzi3e8wZ297Y0jPXPASJ6UNw7o30kA2Ao6kxu83cMqDtVpjKbpAOAVbHLEXzBshfDCHmUmzMYvzg0lv7S13aUECuo8yfjeGyqK1llOqNWdxxLW6brpqEkY+1YUxfqPUNAGKeknarpP0COvr3NX4BIA+5iw==
2014-12-24 15:41:17.000000 (1419435677.8139) DEBUG: VPSProtocol=3.00
Status=OK
StatusDetail=0000 : The Authorisation was Successful.
VPSTxId={E729E3F2-FF32-4091-F790-6FE44440BA9C}
SecurityKey=EQA96EUZBK
TxAuthNo=1317715296
AVSCV2=ALL MATCH
AddressResult=MATCHED
PostCodeResult=MATCHED
CV2Result=MATCHED
CAVV=AAABBiRFkAAAACdnckWQAAAAAAA=
3DSecureStatus=OK
DeclineCode=00
ExpiryDate=1018
BankAuthCode=229504
2014-12-27 14:37:37.000000 (1419691057.8387) DEBUG: VPSProtocol=3.00
Status=3DAUTH
StatusDetail=2007 : Please redirect your customer to the ACSURL, passing the MD and PaReq.
3DSecureStatus=OK
MD=2014196915619932229677
ACSURL=https://secure.barclaycard.co.uk/barclays/tdsecure/pa.jsp?partner=barclaycard.visa&VAA=B
PAReq=eJxVUk1vwjAMve9XIK5ouEm/CDJBDA5jgqkbTNN2q1IPyqCFtGXw75cUGCwnv+f42X4J9g+bdWNPukjzrNdkbafZl3c4X2qi0YxUpUnilIoiXlAjTXpN7jCPiUAwP2BCuJxzEYRhU2I0eKWdxLOUNEptjnCBRkOrZZyVEmO1exg/S08wU4hwhrghPR5J0XEc7riuczoIJxqzeEMy0vkwLY8z0vtU0aRMEGoeVV5lpT7KDg8QLgArvZbLstx2ATL6uf+Ki6UZpa3ydvUNCDaNcJ0rqmxUGLlDmsi3VqtKCv8jiyafq5Wr3+fRSzQZKP606CHYG5jEJcnaD87DBvO6XtB1XISax3hj55A8FB2z5Ang1vYY3GZuGTR2a8rUZZELQjps84xsDcJfjAkVSs7sw0TxsTGNxqa1pRCuqwwfreGqrK11mc+FGwrh+SF3rfV1wsqnxjDmO0GtbwGCLYXzq8L5C5jo39f4Bew1uVY=
2014-12-27 14:37:58.000000 (1419691078.2711) DEBUG: VPSProtocol=3.00
Status=OK
StatusDetail=0000 : The Authorisation was Successful.
VPSTxId={88AD25C0-014D-7691-62BD-A77EED4D9341}
SecurityKey=5QU19WPIID
TxAuthNo=1318297955
AVSCV2=ALL MATCH
AddressResult=MATCHED
PostCodeResult=MATCHED
CV2Result=MATCHED
CAVV=AAACCHYSdAAAACdxcBJ0AAAAAAA=
3DSecureStatus=OK
DeclineCode=00
ExpiryDate=0615
BankAuthCode=046177
2015-01-13 10:42:11.000000 (1421145731.4361) DEBUG: VPSProtocol=3.00
Status=3DAUTH
StatusDetail=2007 : Please redirect your customer to the ACSURL, passing the MD and PaReq.
3DSecureStatus=OK
MD=20142114626471857269
ACSURL=https://www.securesuite.co.uk/nationwide/tdsecure/opt_in_dispatcher.jsp?partner=natp&VAA=B
PAReq=eJxVUttOAjEQffcrCK9Epu1eS4YaBRJJBBfBxNdNd5RV2YXuLoJfb8tFtE9zznROZ04Hb3arz9aWTJWXRb/Nu6x9o65wsTREwznpxpDCCVVV+katPOu3BeO+4NwPRehHPA4iEcq2wuT2iTYKT0LK6nQFwhlaBaOXaVErTPXmbjxVvuRhFCGcIK7IjIdKxowJ5nnseBCONBbpilRiykFe7+dktrmmhzpDOPCoy6aozV7FIkQ4A2zMp1rW9boHUNDX9WtaLW0rXV12mw9AcGmES19J46LKyu3yTHWyj+ksjt8KiF6fvl8Wz+/bRzHrjKJk1EdwNzBLa1LWjYBx7rU46wW8xwKEA4/pyvWhhC+lHfIIcO3euP2b+cugNdtQoc+DnBHSbl0W5GoQfmPMqNJq7r4lSfetSTK2TzsK4TLK4N4ZrmvroSeZ4LEnZSD9UHLhrD8knHxuDeMRiw76DiC4Ujj9KpwWwEb/FuMHU3O4YA==
2015-01-13 10:42:20.000000 (1421145740.6386) DEBUG: VPSProtocol=3.00
Status=OK
StatusDetail=0000 : The Authorisation was Successful.
VPSTxId={83523672-9B3A-4D31-61ED-5DA867897F05}
SecurityKey=PDRDNTJCDB
TxAuthNo=1324862419
AVSCV2=ALL MATCH
AddressResult=MATCHED
PostCodeResult=MATCHED
CV2Result=MATCHED
CAVV=AAABCCNCYwAAACgBWEJjAAAAAAA=
3DSecureStatus=OK
DeclineCode=00
ExpiryDate=0717
BankAuthCode=835801
2015-01-13 10:43:59.000000 (1421145839.3265) DEBUG: VPSProtocol=2.23
Status=INVALID
StatusDetail=5036 : transaction not found
2015-01-18 15:05:09.000000 (1421593509.1594) DEBUG: VPSProtocol=3.00
Status=NOTAUTHED
StatusDetail=2000 : The Authorisation was Declined by the bank.
VPSTxId={6A2518BA-9833-8DF4-98CD-265AA99AAC8B}
SecurityKey=GJX184GVZS
AVSCV2=DATA NOT CHECKED
AddressResult=NOTPROVIDED
PostCodeResult=NOTPROVIDED
CV2Result=NOTPROVIDED
3DSecureStatus=NOTCHECKED
DeclineCode=05
ExpiryDate=0617
2015-01-25 13:25:29.000000 (1422192329.9747) DEBUG: VPSProtocol=3.00
Status=3DAUTH
StatusDetail=2007 : Please redirect your customer to the ACSURL, passing the MD and PaReq.
3DSecureStatus=OK
MD=201422192885574471593
ACSURL=https://www.securesuite.co.uk/sav/tdsecure/opt_in_dispatcher.jsp?partner=marbles_mc&VAA=B
PAReq=eJxVUttSwjAQffcrGF4dyaUNtMwSBsHRjuAU8Ta+ZdIFqtBC2iL8vQkXwTztObs52T1Z6G6Xi9oGTZHmWafOGrTelVfwMjeIgwnqyqCEERaFmmEtTTp1TpnPOQt5EAjR8v0WE6FXlxD3nnEt4agkrVCDAzlBK2H0XGWlBKXXt9GTFD4XTAA5QliiiQYyDCjl1PPo4QA50JCpJcrY5P203E3QbFKNwzIBsudB51VWmp0MeBPICUBlFnJelqs2IRn+3ExVMbetNHTeqL4JEJcGcu4rrlxUWLltmsjp26ca5B/RbPU4fn2//rrbDWkkiLl/HHeAuApIVInS2iEo46LGvLbnt33bwJ4HtXR9SL8VBnbIA4CVe6N3mblkwLptMNOnQU4IcLvKM7QV1tG/GBIstJy4f4nVrjaKI/u0o4CcR+k/OMN1aT30Qi4oDYUvRJNa8531+4STT61hrMXYXt8BIO4qOf4qOW6Ajf5txi81jLjk
2015-01-25 13:25:44.000000 (1422192344.0073) DEBUG: VPSProtocol=3.00
Status=OK
StatusDetail=0000 : The Authorisation was Successful.
VPSTxId={4A69FBBB-A1C0-820A-9829-ACCFA9DF6E88}
SecurityKey=E7DTI2JH4Q
TxAuthNo=1329778365
AVSCV2=ALL MATCH
AddressResult=MATCHED
PostCodeResult=MATCHED
CV2Result=MATCHED
CAVV=jNpZiS2ZE2/kARAxG2CHkopKb8s=
3DSecureStatus=OK
DeclineCode=00
ExpiryDate=1117
BankAuthCode=474632
2015-02-07 14:44:52.000000 (1423320292.9) DEBUG: VPSProtocol=3.00
Status=3DAUTH
StatusDetail=2007 : Please redirect your customer to the ACSURL, passing the MD and PaReq.
3DSecureStatus=OK
MD=201423320866215256320
ACSURL=https://www.securesuite.co.uk/hbos/tdsecure/opt_in_dispatcher.jsp?partner=hx_x2x&VAA=B
PAReq=eJxVUstuwjAQvPcrENeq+JE3Wox4SaAWlAJqz5GzbSIgAceh8Pe1IRTq086sPZ4dG/qn3bZ1RFXlZdFrsw5t98UTrDOFOF6hrBUKmGNVJd/YytNem1PmcsfhNPR9zjzu+aZuC4gHSzwIaJSEEepwIDdoJJTMkkILSORhOFsIN2J+EABpIOxQzcYiCinl1HHodQG50lAkOxSxKke5Pq9QHXOJbzoFcuFBlnWh1VmE3AdyA1Crrci03ncJKfDn5SupMmOlI8tOvSFAbBvI3Vdc26oycqc8FZvpcPg6Yc86LDaHzWThzKfLz/Xq/fBR9oDYHZAmGoWJwzOOgxZzu57b5WaiCw/JzvoQnEeRGfIKYG/vGDx2HhkwaSss5G2QGwI87csC7RkgfzWkWEmxsu8SJ+fWPJ6Zqy0F5D7KaGoDl9pk6FLHp77HvCDyApdZV9eGlc9NYMynwUXfAiD2KGlelTQ/wFT/fsYvAtC41A==
2015-02-07 14:45:00.000000 (1423320300.3896) DEBUG: VPSProtocol=3.00
Status=OK
StatusDetail=0000 : The Authorisation was Successful.
VPSTxId={6BE73D86-F16F-2781-2948-2C6F734EE914}
SecurityKey=OTDSU0GO9H
TxAuthNo=1336112896
AVSCV2=ALL MATCH
AddressResult=MATCHED
PostCodeResult=MATCHED
CV2Result=MATCHED
CAVV=AAABBiVgiAAAAChJlWCIAAAAAAA=
3DSecureStatus=OK
DeclineCode=00
ExpiryDate=0716
BankAuthCode=009950
2015-02-12 11:50:17.000000 (1423741817.1918) DEBUG: VPSProtocol=3.00
Status=OK
StatusDetail=0000 : The Authorisation was Successful.
VPSTxId={692253AD-5372-A96B-BBEF-F807A4DA7396}
SecurityKey=NFLQ1FTZ79
TxAuthNo=1338194203
AVSCV2=SECURITY CODE MATCH ONLY
AddressResult=NOTCHECKED
PostCodeResult=NOTCHECKED
CV2Result=MATCHED
3DSecureStatus=NOTCHECKED
DeclineCode=00
ExpiryDate=0117
BankAuthCode=315107
2015-02-14 16:08:56.000000 (1423930136.4922) DEBUG: VPSProtocol=3.00
Status=OK
StatusDetail=0000 : The Authorisation was Successful.
VPSTxId={CF229758-33B4-F584-BBCB-24D1646B847E}
SecurityKey=09B07Q8PPD
TxAuthNo=1339092013
AVSCV2=SECURITY CODE MATCH ONLY
AddressResult=NOTCHECKED
PostCodeResult=NOTCHECKED
CV2Result=MATCHED
3DSecureStatus=NOTCHECKED
DeclineCode=00
ExpiryDate=0217
BankAuthCode=653468
